<?xml version="1.0" encoding="UTF-8"?>
<testsuite xmlns:xsi="http://www.w3.org/2001/XMLSchema-instance" xsi:noNamespaceSchemaLocation="https://maven.apache.org/surefire/maven-surefire-plugin/xsd/surefire-test-report-3.0.xsd" version="3.0" name="SampleTest" time="0.041" tests="2" errors="0" skipped="0" failures="0">
  <properties>
[...]
</properties>
  <testcase name="testAddition" classname="SampleTest" time="0.0">
    <system-out><![CDATA[Before Class
Before each test
After each test
]]></system-out>
  </testcase>
  <testcase name="testString" classname="SampleTest" time="0.0">
    <system-out><![CDATA[Before each test
After each test
]]></system-out>
  </testcase>
</testsuite>